Build started 2015-06-05 14:37:29.
     1>Project "C:\Users\Baker\Documents\visual studio 2013\Projects\Bleb n' Babas Tactical\Bleb n' Babas Tactical.vcxproj" on node 2 (Build target(s)).
     1>ClCompile:
         C:\Program Files (x86)\Microsoft Visual Studio 12.0\VC\bin\CL.exe /c /I"C:\Users\Baker\Documents\Visual Studio 2013\Projects\Bleb n' Babas Tactical\SFML-2.3\include" /ZI /nologo /W3 /WX- /sdl /Od /Oy- /D _MBCS /Gm /EHsc /RTC1 /MDd /GS /fp:precise /Zc:wchar_t /Zc:forScope /Fo"Debug\\" /Fd"Debug\vc120.pdb" /Gd /TP /analyze- /errorReport:prompt "..\Bleb n' Babas Tactical\MapTile.cpp" "..\Bleb n' Babas Tactical\Textures.cpp" "..\Bleb n' Babas Tactical\main.cpp"
         MapTile.cpp
         Generating Code...
         Compiling...
         main.cpp
     1>c:\users\baker\documents\visual studio 2013\projects\bleb n' babas tactical\main.cpp(37): warning C4244: 'argument' : conversion from 'int' to 'float', possible loss of data
         Generating Code...
         Skipping... (no relevant changes detected)
         Textures.cpp
       Link:
         C:\Program Files (x86)\Microsoft Visual Studio 12.0\VC\bin\link.exe /ERRORREPORT:PROMPT /OUT:"C:\Users\Baker\Documents\Visual Studio 2013\Projects\Bleb n' Babas Tactical\Debug\Bleb n' Babas Tactical.exe" /INCREMENTAL /NOLOGO /LIBPATH:"C:\Users\Baker\Documents\Visual Studio 2013\Projects\Bleb n' Babas Tactical\SFML-2.3\lib" "sfml-graphics-d.lib" "sfml-window-d.lib" "sfml-audio-d.lib" "sfml-network-d.lib" "sfml-system-d.lib" kernel32.lib user32.lib gdi32.lib winspool.lib comdlg32.lib advapi32.lib shell32.lib ole32.lib oleaut32.lib uuid.lib odbc32.lib odbccp32.lib /MANIFEST /MANIFESTUAC:"level='asInvoker' uiAccess='false'" /manifest:embed /DEBUG /PDB:"C:\Users\Baker\Documents\Visual Studio 2013\Projects\Bleb n' Babas Tactical\Debug\Bleb n' Babas Tactical.pdb" /SUBSYSTEM:CONSOLE /TLBID:1 /DYNAMICBASE /NXCOMPAT /IMPLIB:"C:\Users\Baker\Documents\Visual Studio 2013\Projects\Bleb n' Babas Tactical\Debug\Bleb n' Babas Tactical.lib" /MACHINE:X86 Debug\main.obj
         Debug\MapTile.obj
         Debug\Textures.obj
         Bleb n' Babas Tactical.vcxproj -> C:\Users\Baker\Documents\Visual Studio 2013\Projects\Bleb n' Babas Tactical\Debug\Bleb n' Babas Tactical.exe
     1>Done Building Project "C:\Users\Baker\Documents\visual studio 2013\Projects\Bleb n' Babas Tactical\Bleb n' Babas Tactical.vcxproj" (Build target(s)).

Build succeeded.

Time Elapsed 00:00:01.10
